<?xml version="1.0" encoding="UTF-8"?>
<!-- Generated by org.testng.reporters.JUnitReportReporter -->
<testsuite skipped="2" hostname="VMTMJ-WVD1-0" name="com.techmojo.web.automation.test.cases.ConnectpayLoginTest" tests="6" failures="0" timestamp="20 Dec 2020 03:48:48 GMT" time="3.237" errors="4">
  <testcase name="close" time="0.007" classname="com.techmojo.web.automation.test.cases.ConnectpayLoginTest">
    <error type="java.lang.NullPointerException">
      <![CDATA[java.lang.NullPointerException
at com.techmojo.web.automation.test.base.TestBase.flushReports(TestBase.java:62)
at com.techmojo.web.automation.test.cases.ConnectpayLoginTest.close(ConnectpayLoginTest.java:53)
at sun.reflect.NativeMethodAccessorImpl.invoke0(Native Method)
at sun.reflect.NativeMethodAccessorImpl.invoke(NativeMethodAccessorImpl.java:62)
at sun.reflect.DelegatingMethodAccessorImpl.invoke(DelegatingMethodAccessorImpl.java:43)
at java.lang.reflect.Method.invoke(Method.java:498)
at org.testng.internal.MethodInvocationHelper.invokeMethod(MethodInvocationHelper.java:124)
at org.testng.internal.MethodInvocationHelper.invokeMethodConsideringTimeout(MethodInvocationHelper.java:59)
at org.testng.internal.Invoker.invokeConfigurationMethod(Invoker.java:458)
at org.testng.internal.Invoker.invokeConfigurations(Invoker.java:222)
at org.testng.internal.Invoker.invokeMethod(Invoker.java:536)
at org.testng.internal.Invoker.invokeTestMethod(Invoker.java:719)
at org.testng.internal.Invoker.invokeTestMethods(Invoker.java:989)
at org.testng.internal.TestMethodWorker.invokeTestMethods(TestMethodWorker.java:125)
at org.testng.internal.TestMethodWorker.run(TestMethodWorker.java:109)
at org.testng.TestRunner.privateRun(TestRunner.java:648)
at org.testng.TestRunner.run(TestRunner.java:505)
at org.testng.SuiteRunner.runTest(SuiteRunner.java:455)
at org.testng.SuiteRunner.runSequentially(SuiteRunner.java:450)
at org.testng.SuiteRunner.privateRun(SuiteRunner.java:415)
at org.testng.SuiteRunner.run(SuiteRunner.java:364)
at org.testng.SuiteRunnerWorker.runSuite(SuiteRunnerWorker.java:52)
at org.testng.SuiteRunnerWorker.run(SuiteRunnerWorker.java:84)
at org.testng.TestNG.runSuitesSequentially(TestNG.java:1208)
at org.testng.TestNG.runSuitesLocally(TestNG.java:1137)
at org.testng.TestNG.runSuites(TestNG.java:1049)
at org.testng.TestNG.run(TestNG.java:1017)
at org.testng.remote.AbstractRemoteTestNG.run(AbstractRemoteTestNG.java:115)
at org.testng.remote.RemoteTestNG.initAndRun(RemoteTestNG.java:251)
at org.testng.remote.RemoteTestNG.main(RemoteTestNG.java:77)
]]>
    </error>
  </testcase> <!-- close -->
  <testcase name="close" time="0.003" classname="com.techmojo.web.automation.test.cases.ConnectpayLoginTest">
    <error type="java.lang.NullPointerException">
      <![CDATA[java.lang.NullPointerException
at com.techmojo.web.automation.test.base.TestBase.flushReports(TestBase.java:62)
at com.techmojo.web.automation.test.cases.ConnectpayLoginTest.close(ConnectpayLoginTest.java:53)
at sun.reflect.NativeMethodAccessorImpl.invoke0(Native Method)
at sun.reflect.NativeMethodAccessorImpl.invoke(NativeMethodAccessorImpl.java:62)
at sun.reflect.DelegatingMethodAccessorImpl.invoke(DelegatingMethodAccessorImpl.java:43)
at java.lang.reflect.Method.invoke(Method.java:498)
at org.testng.internal.MethodInvocationHelper.invokeMethod(MethodInvocationHelper.java:124)
at org.testng.internal.MethodInvocationHelper.invokeMethodConsideringTimeout(MethodInvocationHelper.java:59)
at org.testng.internal.Invoker.invokeConfigurationMethod(Invoker.java:458)
at org.testng.internal.Invoker.invokeConfigurations(Invoker.java:222)
at org.testng.internal.Invoker.invokeMethod(Invoker.java:536)
at org.testng.internal.Invoker.invokeTestMethod(Invoker.java:719)
at org.testng.internal.Invoker.invokeTestMethods(Invoker.java:989)
at org.testng.internal.TestMethodWorker.invokeTestMethods(TestMethodWorker.java:125)
at org.testng.internal.TestMethodWorker.run(TestMethodWorker.java:109)
at org.testng.TestRunner.privateRun(TestRunner.java:648)
at org.testng.TestRunner.run(TestRunner.java:505)
at org.testng.SuiteRunner.runTest(SuiteRunner.java:455)
at org.testng.SuiteRunner.runSequentially(SuiteRunner.java:450)
at org.testng.SuiteRunner.privateRun(SuiteRunner.java:415)
at org.testng.SuiteRunner.run(SuiteRunner.java:364)
at org.testng.SuiteRunnerWorker.runSuite(SuiteRunnerWorker.java:52)
at org.testng.SuiteRunnerWorker.run(SuiteRunnerWorker.java:84)
at org.testng.TestNG.runSuitesSequentially(TestNG.java:1208)
at org.testng.TestNG.runSuitesLocally(TestNG.java:1137)
at org.testng.TestNG.runSuites(TestNG.java:1049)
at org.testng.TestNG.run(TestNG.java:1017)
at org.testng.remote.AbstractRemoteTestNG.run(AbstractRemoteTestNG.java:115)
at org.testng.remote.RemoteTestNG.initAndRun(RemoteTestNG.java:251)
at org.testng.remote.RemoteTestNG.main(RemoteTestNG.java:77)
]]>
    </error>
  </testcase> <!-- close -->
  <testcase name="testLoginSuccess" time="0.000" classname="com.techmojo.web.automation.test.cases.ConnectpayLoginTest">
    <skipped/>
  </testcase> <!-- testLoginSuccess -->
  <testcase name="testLoginSuccess" time="0.000" classname="com.techmojo.web.automation.test.cases.ConnectpayLoginTest">
    <skipped/>
  </testcase> <!-- testLoginSuccess -->
  <testcase name="init" time="1.970" classname="com.techmojo.web.automation.test.cases.ConnectpayLoginTest">
    <error type="org.springframework.beans.factory.BeanCreationException" message="Error creating bean with name &#039;chrome&#039; defined in class path resource [com/techmojo/web/automation/config/DriverConfiguration.class]: Bean instantiation via factory method failed; nested exception is org.springframework.beans.BeanInstantiationException: Failed to instantiate [org.openqa.selenium.WebDriver]: Factory method &#039;getChromeDriver&#039; threw exception; nested exception is org.openqa.selenium.SessionNotCreatedException: session not created: This version of ChromeDriver only supports Chrome version 85
Build info: version: &#039;3.141.59&#039;, revision: &#039;e82be7d358&#039;, time: &#039;2018-11-14T08:17:03&#039;
System info: host: &#039;VMTMJ-WVD1-0&#039;, ip: &#039;10.200.6.4&#039;, os.name: &#039;Windows Server 2016&#039;, os.arch: &#039;amd64&#039;, os.version: &#039;10.0&#039;, java.version: &#039;1.8.0_202&#039;
Driver info: driver.version: ChromeDriver
remote stacktrace: Backtrace:
	Ordinal0 [0x0053D343+3134275]
	Ordinal0 [0x0042A131+2007345]
	Ordinal0 [0x002CAEC8+569032]
	Ordinal0 [0x0025139F+70559]
	Ordinal0 [0x0024CC63+52323]
	Ordinal0 [0x00270DFC+200188]
	Ordinal0 [0x00270C1D+199709]
	Ordinal0 [0x0026EB0B+191243]
	Ordinal0 [0x00252E77+77431]
	Ordinal0 [0x00253E3E+81470]
	Ordinal0 [0x00253DC9+81353]
	Ordinal0 [0x00440C99+2100377]
	GetHandleVerifier [0x006AB71A+1396954]
	GetHandleVerifier [0x006AB399+1396057]
	GetHandleVerifier [0x006B70E6+1444518]
	GetHandleVerifier [0x006ABCA8+1398376]
	Ordinal0 [0x00437F11+2064145]
	Ordinal0 [0x004422AB+2106027]
	Ordinal0 [0x004423D1+2106321]
	Ordinal0 [0x00454984+2181508]
	BaseThreadInitThunk [0x75A5FA29+25]
	RtlGetAppContainerNamedObjectPath [0x775875F4+228]
	RtlGetAppContainerNamedObjectPath [0x775875C4+180]
">
      <![CDATA[org.springframework.beans.factory.BeanCreationException: Error creating bean with name 'chrome' defined in class path resource [com/techmojo/web/automation/config/DriverConfiguration.class]: Bean instantiation via factory method failed; nested exception is org.springframework.beans.BeanInstantiationException: Failed to instantiate [org.openqa.selenium.WebDriver]: Factory method 'getChromeDriver' threw exception; nested exception is org.openqa.selenium.SessionNotCreatedException: session not created: This version of ChromeDriver only supports Chrome version 85
Build info: version: '3.141.59', revision: 'e82be7d358', time: '2018-11-14T08:17:03'
System info: host: 'VMTMJ-WVD1-0', ip: '10.200.6.4', os.name: 'Windows Server 2016', os.arch: 'amd64', os.version: '10.0', java.version: '1.8.0_202'
Driver info: driver.version: ChromeDriver
remote stacktrace: Backtrace:
Ordinal0 [0x0053D343+3134275]
Ordinal0 [0x0042A131+2007345]
Ordinal0 [0x002CAEC8+569032]
Ordinal0 [0x0025139F+70559]
Ordinal0 [0x0024CC63+52323]
Ordinal0 [0x00270DFC+200188]
Ordinal0 [0x00270C1D+199709]
Ordinal0 [0x0026EB0B+191243]
Ordinal0 [0x00252E77+77431]
Ordinal0 [0x00253E3E+81470]
Ordinal0 [0x00253DC9+81353]
Ordinal0 [0x00440C99+2100377]
GetHandleVerifier [0x006AB71A+1396954]
GetHandleVerifier [0x006AB399+1396057]
GetHandleVerifier [0x006B70E6+1444518]
GetHandleVerifier [0x006ABCA8+1398376]
Ordinal0 [0x00437F11+2064145]
Ordinal0 [0x004422AB+2106027]
Ordinal0 [0x004423D1+2106321]
Ordinal0 [0x00454984+2181508]
BaseThreadInitThunk [0x75A5FA29+25]
RtlGetAppContainerNamedObjectPath [0x775875F4+228]
RtlGetAppContainerNamedObjectPath [0x775875C4+180]

at org.springframework.beans.factory.support.ConstructorResolver.instantiate(ConstructorResolver.java:655)
at org.springframework.beans.factory.support.ConstructorResolver.instantiateUsingFactoryMethod(ConstructorResolver.java:483)
at org.springframework.beans.factory.support.AbstractAutowireCapableBeanFactory.instantiateUsingFactoryMethod(AbstractAutowireCapableBeanFactory.java:1336)
at org.springframework.beans.factory.support.AbstractAutowireCapableBeanFactory.createBeanInstance(AbstractAutowireCapableBeanFactory.java:1176)
at org.springframework.beans.factory.support.AbstractAutowireCapableBeanFactory.doCreateBean(AbstractAutowireCapableBeanFactory.java:556)
at org.springframework.beans.factory.support.AbstractAutowireCapableBeanFactory.createBean(AbstractAutowireCapableBeanFactory.java:516)
at org.springframework.beans.factory.support.AbstractBeanFactory.doGetBean(AbstractBeanFactory.java:342)
at org.springframework.beans.factory.support.AbstractBeanFactory.getBean(AbstractBeanFactory.java:207)
at org.springframework.context.support.AbstractApplicationContext.getBean(AbstractApplicationContext.java:1115)
at com.techmojo.web.automation.test.base.TestBase.setBrowser(TestBase.java:36)
at com.techmojo.web.automation.test.cases.ConnectpayLoginTest.init(ConnectpayLoginTest.java:33)
at sun.reflect.NativeMethodAccessorImpl.invoke0(Native Method)
at sun.reflect.NativeMethodAccessorImpl.invoke(NativeMethodAccessorImpl.java:62)
at sun.reflect.DelegatingMethodAccessorImpl.invoke(DelegatingMethodAccessorImpl.java:43)
at java.lang.reflect.Method.invoke(Method.java:498)
at org.testng.internal.MethodInvocationHelper.invokeMethod(MethodInvocationHelper.java:124)
at org.testng.internal.MethodInvocationHelper.invokeMethodConsideringTimeout(MethodInvocationHelper.java:59)
at org.testng.internal.Invoker.invokeConfigurationMethod(Invoker.java:458)
at org.testng.internal.Invoker.invokeConfigurations(Invoker.java:222)
at org.testng.internal.Invoker.invokeMethod(Invoker.java:523)
at org.testng.internal.Invoker.invokeTestMethod(Invoker.java:719)
at org.testng.internal.Invoker.invokeTestMethods(Invoker.java:989)
at org.testng.internal.TestMethodWorker.invokeTestMethods(TestMethodWorker.java:125)
at org.testng.internal.TestMethodWorker.run(TestMethodWorker.java:109)
at org.testng.TestRunner.privateRun(TestRunner.java:648)
at org.testng.TestRunner.run(TestRunner.java:505)
at org.testng.SuiteRunner.runTest(SuiteRunner.java:455)
at org.testng.SuiteRunner.runSequentially(SuiteRunner.java:450)
at org.testng.SuiteRunner.privateRun(SuiteRunner.java:415)
at org.testng.SuiteRunner.run(SuiteRunner.java:364)
at org.testng.SuiteRunnerWorker.runSuite(SuiteRunnerWorker.java:52)
at org.testng.SuiteRunnerWorker.run(SuiteRunnerWorker.java:84)
at org.testng.TestNG.runSuitesSequentially(TestNG.java:1208)
at org.testng.TestNG.runSuitesLocally(TestNG.java:1137)
at org.testng.TestNG.runSuites(TestNG.java:1049)
at org.testng.TestNG.run(TestNG.java:1017)
at org.testng.remote.AbstractRemoteTestNG.run(AbstractRemoteTestNG.java:115)
at org.testng.remote.RemoteTestNG.initAndRun(RemoteTestNG.java:251)
at org.testng.remote.RemoteTestNG.main(RemoteTestNG.java:77)
Caused by: org.springframework.beans.BeanInstantiationException: Failed to instantiate [org.openqa.selenium.WebDriver]: Factory method 'getChromeDriver' threw exception; nested exception is org.openqa.selenium.SessionNotCreatedException: session not created: This version of ChromeDriver only supports Chrome version 85
Build info: version: '3.141.59', revision: 'e82be7d358', time: '2018-11-14T08:17:03'
System info: host: 'VMTMJ-WVD1-0', ip: '10.200.6.4', os.name: 'Windows Server 2016', os.arch: 'amd64', os.version: '10.0', java.version: '1.8.0_202'
Driver info: driver.version: ChromeDriver
remote stacktrace: Backtrace:
Ordinal0 [0x0053D343+3134275]
Ordinal0 [0x0042A131+2007345]
Ordinal0 [0x002CAEC8+569032]
Ordinal0 [0x0025139F+70559]
Ordinal0 [0x0024CC63+52323]
Ordinal0 [0x00270DFC+200188]
Ordinal0 [0x00270C1D+199709]
Ordinal0 [0x0026EB0B+191243]
Ordinal0 [0x00252E77+77431]
Ordinal0 [0x00253E3E+81470]
Ordinal0 [0x00253DC9+81353]
Ordinal0 [0x00440C99+2100377]
GetHandleVerifier [0x006AB71A+1396954]
GetHandleVerifier [0x006AB399+1396057]
GetHandleVerifier [0x006B70E6+1444518]
GetHandleVerifier [0x006ABCA8+1398376]
Ordinal0 [0x00437F11+2064145]
Ordinal0 [0x004422AB+2106027]
Ordinal0 [0x004423D1+2106321]
Ordinal0 [0x00454984+2181508]
BaseThreadInitThunk [0x75A5FA29+25]
RtlGetAppContainerNamedObjectPath [0x775875F4+228]
RtlGetAppContainerNamedObjectPath [0x775875C4+180]

at org.springframework.beans.factory.support.SimpleInstantiationStrategy.instantiate(SimpleInstantiationStrategy.java:185)
at org.springframework.beans.factory.support.ConstructorResolver.instantiate(ConstructorResolver.java:650)
... 38 more
Caused by: org.openqa.selenium.SessionNotCreatedException: session not created: This version of ChromeDriver only supports Chrome version 85
Build info: version: '3.141.59', revision: 'e82be7d358', time: '2018-11-14T08:17:03'
System info: host: 'VMTMJ-WVD1-0', ip: '10.200.6.4', os.name: 'Windows Server 2016', os.arch: 'amd64', os.version: '10.0', java.version: '1.8.0_202'
Driver info: driver.version: ChromeDriver
remote stacktrace: Backtrace:
Ordinal0 [0x0053D343+3134275]
Ordinal0 [0x0042A131+2007345]
Ordinal0 [0x002CAEC8+569032]
Ordinal0 [0x0025139F+70559]
Ordinal0 [0x0024CC63+52323]
Ordinal0 [0x00270DFC+200188]
Ordinal0 [0x00270C1D+199709]
Ordinal0 [0x0026EB0B+191243]
Ordinal0 [0x00252E77+77431]
Ordinal0 [0x00253E3E+81470]
Ordinal0 [0x00253DC9+81353]
Ordinal0 [0x00440C99+2100377]
GetHandleVerifier [0x006AB71A+1396954]
GetHandleVerifier [0x006AB399+1396057]
GetHandleVerifier [0x006B70E6+1444518]
GetHandleVerifier [0x006ABCA8+1398376]
Ordinal0 [0x00437F11+2064145]
Ordinal0 [0x004422AB+2106027]
Ordinal0 [0x004423D1+2106321]
Ordinal0 [0x00454984+2181508]
BaseThreadInitThunk [0x75A5FA29+25]
RtlGetAppContainerNamedObjectPath [0x775875F4+228]
RtlGetAppContainerNamedObjectPath [0x775875C4+180]

at sun.reflect.NativeConstructorAccessorImpl.newInstance0(Native Method)
at sun.reflect.NativeConstructorAccessorImpl.newInstance(NativeConstructorAccessorImpl.java:62)
at sun.reflect.DelegatingConstructorAccessorImpl.newInstance(DelegatingConstructorAccessorImpl.java:45)
at java.lang.reflect.Constructor.newInstance(Constructor.java:423)
at org.openqa.selenium.remote.W3CHandshakeResponse.lambda$errorHandler$0(W3CHandshakeResponse.java:62)
at org.openqa.selenium.remote.HandshakeResponse.lambda$getResponseFunction$0(HandshakeResponse.java:30)
at org.openqa.selenium.remote.ProtocolHandshake.lambda$createSession$0(ProtocolHandshake.java:126)
at java.util.stream.ReferencePipeline$3$1.accept(ReferencePipeline.java:193)
at java.util.Spliterators$ArraySpliterator.tryAdvance(Spliterators.java:958)
at java.util.stream.ReferencePipeline.forEachWithCancel(ReferencePipeline.java:126)
at java.util.stream.AbstractPipeline.copyIntoWithCancel(AbstractPipeline.java:498)
at java.util.stream.AbstractPipeline.copyInto(AbstractPipeline.java:485)
at java.util.stream.AbstractPipeline.wrapAndCopyInto(AbstractPipeline.java:471)
at java.util.stream.FindOps$FindOp.evaluateSequential(FindOps.java:152)
at java.util.stream.AbstractPipeline.evaluate(AbstractPipeline.java:234)
at java.util.stream.ReferencePipeline.findFirst(ReferencePipeline.java:464)
at org.openqa.selenium.remote.ProtocolHandshake.createSession(ProtocolHandshake.java:128)
at org.openqa.selenium.remote.ProtocolHandshake.createSession(ProtocolHandshake.java:74)
at org.openqa.selenium.remote.HttpCommandExecutor.execute(HttpCommandExecutor.java:136)
at org.openqa.selenium.remote.service.DriverCommandExecutor.execute(DriverCommandExecutor.java:83)
at org.openqa.selenium.remote.RemoteWebDriver.execute(RemoteWebDriver.java:552)
at org.openqa.selenium.remote.RemoteWebDriver.startSession(RemoteWebDriver.java:213)
at org.openqa.selenium.remote.RemoteWebDriver.<init>(RemoteWebDriver.java:131)
at org.openqa.selenium.chrome.ChromeDriver.<init>(ChromeDriver.java:181)
at org.openqa.selenium.chrome.ChromeDriver.<init>(ChromeDriver.java:168)
at org.openqa.selenium.chrome.ChromeDriver.<init>(ChromeDriver.java:123)
at com.techmojo.web.automation.config.DriverConfiguration.getChromeDriver(DriverConfiguration.java:20)
at com.techmojo.web.automation.config.DriverConfiguration$$EnhancerBySpringCGLIB$$d76dbad0.CGLIB$getChromeDriver$0(<generated>)
at com.techmojo.web.automation.config.DriverConfiguration$$EnhancerBySpringCGLIB$$d76dbad0$$FastClassBySpringCGLIB$$15d76a8a.invoke(<generated>)
at org.springframework.cglib.proxy.MethodProxy.invokeSuper(MethodProxy.java:244)
at org.springframework.context.annotation.ConfigurationClassEnhancer$BeanMethodInterceptor.intercept(ConfigurationClassEnhancer.java:331)
at com.techmojo.web.automation.config.DriverConfiguration$$EnhancerBySpringCGLIB$$d76dbad0.getChromeDriver(<generated>)
at sun.reflect.NativeMethodAccessorImpl.invoke0(Native Method)
at sun.reflect.NativeMethodAccessorImpl.invoke(NativeMethodAccessorImpl.java:62)
at sun.reflect.DelegatingMethodAccessorImpl.invoke(DelegatingMethodAccessorImpl.java:43)
at java.lang.reflect.Method.invoke(Method.java:498)
at org.springframework.beans.factory.support.SimpleInstantiationStrategy.instantiate(SimpleInstantiationStrategy.java:154)
... 39 more
]]>
    </error>
  </testcase> <!-- init -->
  <testcase name="init" time="1.257" classname="com.techmojo.web.automation.test.cases.ConnectpayLoginTest">
    <error type="org.springframework.beans.factory.BeanCreationException" message="Error creating bean with name &#039;chrome&#039; defined in class path resource [com/techmojo/web/automation/config/DriverConfiguration.class]: Bean instantiation via factory method failed; nested exception is org.springframework.beans.BeanInstantiationException: Failed to instantiate [org.openqa.selenium.WebDriver]: Factory method &#039;getChromeDriver&#039; threw exception; nested exception is org.openqa.selenium.SessionNotCreatedException: session not created: This version of ChromeDriver only supports Chrome version 85
Build info: version: &#039;3.141.59&#039;, revision: &#039;e82be7d358&#039;, time: &#039;2018-11-14T08:17:03&#039;
System info: host: &#039;VMTMJ-WVD1-0&#039;, ip: &#039;10.200.6.4&#039;, os.name: &#039;Windows Server 2016&#039;, os.arch: &#039;amd64&#039;, os.version: &#039;10.0&#039;, java.version: &#039;1.8.0_202&#039;
Driver info: driver.version: ChromeDriver
remote stacktrace: Backtrace:
	Ordinal0 [0x0053D343+3134275]
	Ordinal0 [0x0042A131+2007345]
	Ordinal0 [0x002CAEC8+569032]
	Ordinal0 [0x0025139F+70559]
	Ordinal0 [0x0024CC63+52323]
	Ordinal0 [0x00270DFC+200188]
	Ordinal0 [0x00270C1D+199709]
	Ordinal0 [0x0026EB0B+191243]
	Ordinal0 [0x00252E77+77431]
	Ordinal0 [0x00253E3E+81470]
	Ordinal0 [0x00253DC9+81353]
	Ordinal0 [0x00440C99+2100377]
	GetHandleVerifier [0x006AB71A+1396954]
	GetHandleVerifier [0x006AB399+1396057]
	GetHandleVerifier [0x006B70E6+1444518]
	GetHandleVerifier [0x006ABCA8+1398376]
	Ordinal0 [0x00437F11+2064145]
	Ordinal0 [0x004422AB+2106027]
	Ordinal0 [0x004423D1+2106321]
	Ordinal0 [0x00454984+2181508]
	BaseThreadInitThunk [0x75A5FA29+25]
	RtlGetAppContainerNamedObjectPath [0x775875F4+228]
	RtlGetAppContainerNamedObjectPath [0x775875C4+180]
">
      <![CDATA[org.springframework.beans.factory.BeanCreationException: Error creating bean with name 'chrome' defined in class path resource [com/techmojo/web/automation/config/DriverConfiguration.class]: Bean instantiation via factory method failed; nested exception is org.springframework.beans.BeanInstantiationException: Failed to instantiate [org.openqa.selenium.WebDriver]: Factory method 'getChromeDriver' threw exception; nested exception is org.openqa.selenium.SessionNotCreatedException: session not created: This version of ChromeDriver only supports Chrome version 85
Build info: version: '3.141.59', revision: 'e82be7d358', time: '2018-11-14T08:17:03'
System info: host: 'VMTMJ-WVD1-0', ip: '10.200.6.4', os.name: 'Windows Server 2016', os.arch: 'amd64', os.version: '10.0', java.version: '1.8.0_202'
Driver info: driver.version: ChromeDriver
remote stacktrace: Backtrace:
Ordinal0 [0x0053D343+3134275]
Ordinal0 [0x0042A131+2007345]
Ordinal0 [0x002CAEC8+569032]
Ordinal0 [0x0025139F+70559]
Ordinal0 [0x0024CC63+52323]
Ordinal0 [0x00270DFC+200188]
Ordinal0 [0x00270C1D+199709]
Ordinal0 [0x0026EB0B+191243]
Ordinal0 [0x00252E77+77431]
Ordinal0 [0x00253E3E+81470]
Ordinal0 [0x00253DC9+81353]
Ordinal0 [0x00440C99+2100377]
GetHandleVerifier [0x006AB71A+1396954]
GetHandleVerifier [0x006AB399+1396057]
GetHandleVerifier [0x006B70E6+1444518]
GetHandleVerifier [0x006ABCA8+1398376]
Ordinal0 [0x00437F11+2064145]
Ordinal0 [0x004422AB+2106027]
Ordinal0 [0x004423D1+2106321]
Ordinal0 [0x00454984+2181508]
BaseThreadInitThunk [0x75A5FA29+25]
RtlGetAppContainerNamedObjectPath [0x775875F4+228]
RtlGetAppContainerNamedObjectPath [0x775875C4+180]

at org.springframework.beans.factory.support.ConstructorResolver.instantiate(ConstructorResolver.java:655)
at org.springframework.beans.factory.support.ConstructorResolver.instantiateUsingFactoryMethod(ConstructorResolver.java:483)
at org.springframework.beans.factory.support.AbstractAutowireCapableBeanFactory.instantiateUsingFactoryMethod(AbstractAutowireCapableBeanFactory.java:1336)
at org.springframework.beans.factory.support.AbstractAutowireCapableBeanFactory.createBeanInstance(AbstractAutowireCapableBeanFactory.java:1176)
at org.springframework.beans.factory.support.AbstractAutowireCapableBeanFactory.doCreateBean(AbstractAutowireCapableBeanFactory.java:556)
at org.springframework.beans.factory.support.AbstractAutowireCapableBeanFactory.createBean(AbstractAutowireCapableBeanFactory.java:516)
at org.springframework.beans.factory.support.AbstractBeanFactory.doGetBean(AbstractBeanFactory.java:342)
at org.springframework.beans.factory.support.AbstractBeanFactory.getBean(AbstractBeanFactory.java:207)
at org.springframework.context.support.AbstractApplicationContext.getBean(AbstractApplicationContext.java:1115)
at com.techmojo.web.automation.test.base.TestBase.setBrowser(TestBase.java:36)
at com.techmojo.web.automation.test.cases.ConnectpayLoginTest.init(ConnectpayLoginTest.java:33)
at sun.reflect.NativeMethodAccessorImpl.invoke0(Native Method)
at sun.reflect.NativeMethodAccessorImpl.invoke(NativeMethodAccessorImpl.java:62)
at sun.reflect.DelegatingMethodAccessorImpl.invoke(DelegatingMethodAccessorImpl.java:43)
at java.lang.reflect.Method.invoke(Method.java:498)
at org.testng.internal.MethodInvocationHelper.invokeMethod(MethodInvocationHelper.java:124)
at org.testng.internal.MethodInvocationHelper.invokeMethodConsideringTimeout(MethodInvocationHelper.java:59)
at org.testng.internal.Invoker.invokeConfigurationMethod(Invoker.java:458)
at org.testng.internal.Invoker.invokeConfigurations(Invoker.java:222)
at org.testng.internal.Invoker.invokeMethod(Invoker.java:523)
at org.testng.internal.Invoker.invokeTestMethod(Invoker.java:719)
at org.testng.internal.Invoker.invokeTestMethods(Invoker.java:989)
at org.testng.internal.TestMethodWorker.invokeTestMethods(TestMethodWorker.java:125)
at org.testng.internal.TestMethodWorker.run(TestMethodWorker.java:109)
at org.testng.TestRunner.privateRun(TestRunner.java:648)
at org.testng.TestRunner.run(TestRunner.java:505)
at org.testng.SuiteRunner.runTest(SuiteRunner.java:455)
at org.testng.SuiteRunner.runSequentially(SuiteRunner.java:450)
at org.testng.SuiteRunner.privateRun(SuiteRunner.java:415)
at org.testng.SuiteRunner.run(SuiteRunner.java:364)
at org.testng.SuiteRunnerWorker.runSuite(SuiteRunnerWorker.java:52)
at org.testng.SuiteRunnerWorker.run(SuiteRunnerWorker.java:84)
at org.testng.TestNG.runSuitesSequentially(TestNG.java:1208)
at org.testng.TestNG.runSuitesLocally(TestNG.java:1137)
at org.testng.TestNG.runSuites(TestNG.java:1049)
at org.testng.TestNG.run(TestNG.java:1017)
at org.testng.remote.AbstractRemoteTestNG.run(AbstractRemoteTestNG.java:115)
at org.testng.remote.RemoteTestNG.initAndRun(RemoteTestNG.java:251)
at org.testng.remote.RemoteTestNG.main(RemoteTestNG.java:77)
Caused by: org.springframework.beans.BeanInstantiationException: Failed to instantiate [org.openqa.selenium.WebDriver]: Factory method 'getChromeDriver' threw exception; nested exception is org.openqa.selenium.SessionNotCreatedException: session not created: This version of ChromeDriver only supports Chrome version 85
Build info: version: '3.141.59', revision: 'e82be7d358', time: '2018-11-14T08:17:03'
System info: host: 'VMTMJ-WVD1-0', ip: '10.200.6.4', os.name: 'Windows Server 2016', os.arch: 'amd64', os.version: '10.0', java.version: '1.8.0_202'
Driver info: driver.version: ChromeDriver
remote stacktrace: Backtrace:
Ordinal0 [0x0053D343+3134275]
Ordinal0 [0x0042A131+2007345]
Ordinal0 [0x002CAEC8+569032]
Ordinal0 [0x0025139F+70559]
Ordinal0 [0x0024CC63+52323]
Ordinal0 [0x00270DFC+200188]
Ordinal0 [0x00270C1D+199709]
Ordinal0 [0x0026EB0B+191243]
Ordinal0 [0x00252E77+77431]
Ordinal0 [0x00253E3E+81470]
Ordinal0 [0x00253DC9+81353]
Ordinal0 [0x00440C99+2100377]
GetHandleVerifier [0x006AB71A+1396954]
GetHandleVerifier [0x006AB399+1396057]
GetHandleVerifier [0x006B70E6+1444518]
GetHandleVerifier [0x006ABCA8+1398376]
Ordinal0 [0x00437F11+2064145]
Ordinal0 [0x004422AB+2106027]
Ordinal0 [0x004423D1+2106321]
Ordinal0 [0x00454984+2181508]
BaseThreadInitThunk [0x75A5FA29+25]
RtlGetAppContainerNamedObjectPath [0x775875F4+228]
RtlGetAppContainerNamedObjectPath [0x775875C4+180]

at org.springframework.beans.factory.support.SimpleInstantiationStrategy.instantiate(SimpleInstantiationStrategy.java:185)
at org.springframework.beans.factory.support.ConstructorResolver.instantiate(ConstructorResolver.java:650)
... 38 more
Caused by: org.openqa.selenium.SessionNotCreatedException: session not created: This version of ChromeDriver only supports Chrome version 85
Build info: version: '3.141.59', revision: 'e82be7d358', time: '2018-11-14T08:17:03'
System info: host: 'VMTMJ-WVD1-0', ip: '10.200.6.4', os.name: 'Windows Server 2016', os.arch: 'amd64', os.version: '10.0', java.version: '1.8.0_202'
Driver info: driver.version: ChromeDriver
remote stacktrace: Backtrace:
Ordinal0 [0x0053D343+3134275]
Ordinal0 [0x0042A131+2007345]
Ordinal0 [0x002CAEC8+569032]
Ordinal0 [0x0025139F+70559]
Ordinal0 [0x0024CC63+52323]
Ordinal0 [0x00270DFC+200188]
Ordinal0 [0x00270C1D+199709]
Ordinal0 [0x0026EB0B+191243]
Ordinal0 [0x00252E77+77431]
Ordinal0 [0x00253E3E+81470]
Ordinal0 [0x00253DC9+81353]
Ordinal0 [0x00440C99+2100377]
GetHandleVerifier [0x006AB71A+1396954]
GetHandleVerifier [0x006AB399+1396057]
GetHandleVerifier [0x006B70E6+1444518]
GetHandleVerifier [0x006ABCA8+1398376]
Ordinal0 [0x00437F11+2064145]
Ordinal0 [0x004422AB+2106027]
Ordinal0 [0x004423D1+2106321]
Ordinal0 [0x00454984+2181508]
BaseThreadInitThunk [0x75A5FA29+25]
RtlGetAppContainerNamedObjectPath [0x775875F4+228]
RtlGetAppContainerNamedObjectPath [0x775875C4+180]

at sun.reflect.NativeConstructorAccessorImpl.newInstance0(Native Method)
at sun.reflect.NativeConstructorAccessorImpl.newInstance(NativeConstructorAccessorImpl.java:62)
at sun.reflect.DelegatingConstructorAccessorImpl.newInstance(DelegatingConstructorAccessorImpl.java:45)
at java.lang.reflect.Constructor.newInstance(Constructor.java:423)
at org.openqa.selenium.remote.W3CHandshakeResponse.lambda$errorHandler$0(W3CHandshakeResponse.java:62)
at org.openqa.selenium.remote.HandshakeResponse.lambda$getResponseFunction$0(HandshakeResponse.java:30)
at org.openqa.selenium.remote.ProtocolHandshake.lambda$createSession$0(ProtocolHandshake.java:126)
at java.util.stream.ReferencePipeline$3$1.accept(ReferencePipeline.java:193)
at java.util.Spliterators$ArraySpliterator.tryAdvance(Spliterators.java:958)
at java.util.stream.ReferencePipeline.forEachWithCancel(ReferencePipeline.java:126)
at java.util.stream.AbstractPipeline.copyIntoWithCancel(AbstractPipeline.java:498)
at java.util.stream.AbstractPipeline.copyInto(AbstractPipeline.java:485)
at java.util.stream.AbstractPipeline.wrapAndCopyInto(AbstractPipeline.java:471)
at java.util.stream.FindOps$FindOp.evaluateSequential(FindOps.java:152)
at java.util.stream.AbstractPipeline.evaluate(AbstractPipeline.java:234)
at java.util.stream.ReferencePipeline.findFirst(ReferencePipeline.java:464)
at org.openqa.selenium.remote.ProtocolHandshake.createSession(ProtocolHandshake.java:128)
at org.openqa.selenium.remote.ProtocolHandshake.createSession(ProtocolHandshake.java:74)
at org.openqa.selenium.remote.HttpCommandExecutor.execute(HttpCommandExecutor.java:136)
at org.openqa.selenium.remote.service.DriverCommandExecutor.execute(DriverCommandExecutor.java:83)
at org.openqa.selenium.remote.RemoteWebDriver.execute(RemoteWebDriver.java:552)
at org.openqa.selenium.remote.RemoteWebDriver.startSession(RemoteWebDriver.java:213)
at org.openqa.selenium.remote.RemoteWebDriver.<init>(RemoteWebDriver.java:131)
at org.openqa.selenium.chrome.ChromeDriver.<init>(ChromeDriver.java:181)
at org.openqa.selenium.chrome.ChromeDriver.<init>(ChromeDriver.java:168)
at org.openqa.selenium.chrome.ChromeDriver.<init>(ChromeDriver.java:123)
at com.techmojo.web.automation.config.DriverConfiguration.getChromeDriver(DriverConfiguration.java:20)
at com.techmojo.web.automation.config.DriverConfiguration$$EnhancerBySpringCGLIB$$d76dbad0.CGLIB$getChromeDriver$0(<generated>)
at com.techmojo.web.automation.config.DriverConfiguration$$EnhancerBySpringCGLIB$$d76dbad0$$FastClassBySpringCGLIB$$15d76a8a.invoke(<generated>)
at org.springframework.cglib.proxy.MethodProxy.invokeSuper(MethodProxy.java:244)
at org.springframework.context.annotation.ConfigurationClassEnhancer$BeanMethodInterceptor.intercept(ConfigurationClassEnhancer.java:331)
at com.techmojo.web.automation.config.DriverConfiguration$$EnhancerBySpringCGLIB$$d76dbad0.getChromeDriver(<generated>)
at sun.reflect.NativeMethodAccessorImpl.invoke0(Native Method)
at sun.reflect.NativeMethodAccessorImpl.invoke(NativeMethodAccessorImpl.java:62)
at sun.reflect.DelegatingMethodAccessorImpl.invoke(DelegatingMethodAccessorImpl.java:43)
at java.lang.reflect.Method.invoke(Method.java:498)
at org.springframework.beans.factory.support.SimpleInstantiationStrategy.instantiate(SimpleInstantiationStrategy.java:154)
... 39 more
]]>
    </error>
  </testcase> <!-- init -->
</testsuite> <!-- com.techmojo.web.automation.test.cases.ConnectpayLoginTest -->
